{"level":"info","message":"Parameters 674 and 7867 received for addition","service":"calculate-service"}
{"level":"info","message":"Parameters 674 and 7867 received for addition","service":"calculate-service"}
{"level":"info","message":"Parameters 10 and 5 received for addition","service":"calculate-service"}
{"level":"info","message":"Parameters 10 and 5 received for addition","service":"calculate-service"}
{"level":"info","message":"Parameters 15 and 5 received for addition","service":"calculate-service"}
{"level":"info","message":"Parameters 15 and 5 received for addition","service":"calculate-service"}
{"level":"info","message":"Parameters 15 and 5 received for subtraction","service":"calculate-service"}
{"level":"error","message":"n1 is incorrectly defined","service":"calculate-service"}
{"level":"info","message":"Parameters 10 and 5 received for subtraction","service":"calculate-service"}
{"level":"info","message":"Parameters 10 and 2 received for subtraction","service":"calculate-service"}
{"level":"info","message":"Parameters 20 and 2 received for subtraction","service":"calculate-service"}
{"level":"info","message":"Parameters 20 and 2 received for subtraction","service":"calculate-service"}
{"level":"info","message":"Parameters 20 and 2 received for subtraction","service":"calculate-service"}
{"level":"info","message":"Parameters 20 and 2 received for subtraction","service":"calculate-service"}
{"level":"info","message":"Parameters 20 and 2 received for subtraction","service":"calculate-service"}
{"level":"info","message":"Parameters 20 and 2 received for subtraction","service":"calculate-service"}
{"level":"info","message":"Parameters 20 and 2 received for subtraction","service":"calculate-service"}
{"level":"info","message":"Parameters 10 and 5 received for addition","service":"calculate-service"}
{"level":"info","message":"Parameters 10 and 5 received for subtraction","service":"calculate-service"}
{"level":"info","message":"Parameters 10 and 5 received for subtraction","service":"calculate-service"}
{"level":"info","message":"Parameters 10 and 5 received for subtraction","service":"calculate-service"}
{"level":"info","message":"Parameters 10 and 5 received for subtraction","service":"calculate-service"}
{"level":"info","message":"Parameters 10 and 5 received for subtraction","service":"calculate-service"}
{"level":"info","message":"Parameters 10 and 5 received for subtraction","service":"calculate-service"}
{"level":"info","message":"Parameters 10 and 5 received for addition","service":"calculate-service"}
{"level":"info","message":"Parameters 10 and 2 received for addition","service":"calculate-service"}
{"level":"info","message":"Parameters 10 and 2 received for subtraction","service":"calculate-service"}
{"level":"error","message":"n2 is incorrectly defined","service":"calculate-service"}
{"level":"error","message":"n1 is incorrectly defined","service":"calculate-service"}
{"level":"error","message":"n1 is incorrectly defined","service":"calculate-service"}
{"level":"error","message":"n1 is incorrectly defined","service":"calculate-service"}
{"level":"info","message":"Parameters 5 and 5 received for addition","service":"calculate-service"}
{"level":"error","message":"n1 is incorrectly defined","service":"calculate-service"}
{"level":"error","message":"n1 is incorrectly defined","service":"calculate-service"}
{"level":"info","message":"Parameters 7 and 5 received for addition","service":"calculate-service"}
{"level":"info","message":"Parameters 5 and 5 received for addition","service":"calculate-service"}
{"level":"error","message":"n1 is incorrectly defined","service":"calculate-service"}
{"level":"error","message":"n1 is incorrectly defined","service":"calculate-service"}
{"level":"info","message":"Parameters 5 and 5 received for addition","service":"calculate-service"}
{"level":"info","message":"Parameters 5 and 5 received for addition","service":"calculate-service"}
{"level":"info","message":"Parameters 5 and 5 received for addition","service":"calculate-service"}
{"level":"info","message":"Parameters 6 and 5 received for addition","service":"calculate-service"}
{"level":"info","message":"Parameters 15 and 5 received for addition","service":"calculate-service"}
{"level":"error","message":"n2 is incorrectly defined","service":"calculate-service"}
{"level":"info","message":"Parameters 15 and 5 received for addition","service":"calculate-service"}
{"level":"error","message":"n2 is incorrectly defined","service":"calculate-service"}
{"level":"error","message":"n2 is incorrectly defined","service":"calculate-service"}
{"level":"error","message":"n2 is incorrectly defined","service":"calculate-service"}
{"level":"info","message":"Parameters 5 and 5 received for addition","service":"calculate-service"}
{"level":"info","message":"Parameters 5 and 5 received for addition","service":"calculate-service"}
{"level":"error","message":"n1 is incorrectly defined","service":"calculate-service"}
{"level":"error","message":"n2 is incorrectly defined","service":"calculate-service"}
{"level":"info","message":"Parameters 5 and 5 received for addition","service":"calculate-service"}
{"level":"error","message":"n1 is incorrectly defined","service":"calculate-service"}
{"level":"error","message":"n2 is incorrectly defined","service":"calculate-service"}
{"level":"info","message":"Parameters 5 and 5 received for addition","service":"calculate-service"}
{"level":"error","message":"n1 is incorrectly defined","service":"calculate-service"}
{"level":"error","message":"n2 is incorrectly defined","service":"calculate-service"}
{"level":"info","message":"Parameters 5 and 5 received for addition","service":"calculate-service"}
{"level":"info","message":"Parameters 5 and 5 received for addition","service":"calculate-service"}
{"level":"error","message":"n1 is incorrectly defined","service":"calculate-service"}
{"level":"error","message":"n1 is incorrectly defined","service":"calculate-service"}
{"level":"error","message":"n2 is incorrectly defined","service":"calculate-service"}
{"level":"error","message":"n2 is incorrectly defined","service":"calculate-service"}
{"level":"info","message":"Parameters 7 and 2 received for subtraction","service":"calculate-service"}
{"level":"error","message":"n1 is incorrectly defined","service":"calculate-service"}
{"level":"error","message":"n1 is is not a valid number","service":"calculate-service"}
{"level":"info","message":"Parameters 5 and 2 received for subtraction","service":"calculate-service"}
{"level":"info","message":"Parameters 5 and 2 received for addition","service":"calculate-service"}
{"level":"error","message":"n1 is incorrectly defined","service":"calculate-service"}
{"level":"error","message":"n1 is incorrectly defined","service":"calculate-service"}
{"level":"info","message":"Parameters 15 and 10 received for addition","service":"calculate-service"}
{"level":"info","message":"Parameters 15 and 10 received for addition","service":"calculate-service"}
{"level":"info","message":"Parameters 5 and 2 received for subtraction","service":"calculate-service"}
{"level":"info","message":"Parameters 5 and 2 received for subtraction","service":"calculate-service"}
{"level":"info","message":"Parameters 10 and 2 received for subtraction","service":"calculate-service"}
{"level":"info","message":"Parameters 10 and 2 received for addition","service":"calculate-service"}
{"level":"info","message":"Parameters 10 and 2 received for subtraction","service":"calculate-service"}
{"level":"info","message":"Parameters 10 and 2 received for subtraction","service":"calculate-service"}
{"level":"error","message":"n1 is nincorrectly defined","service":"calculate-service"}
{"level":"error","message":"n1 is nincorrectly defined","service":"calculate-service"}
{"level":"error","message":"n1 is nincorrectly defined","service":"calculate-service"}
{"level":"info","message":"Parameters 5 and 2 received for addition","service":"calculate-service"}
